109.12.23 13:35 B c:\WebPage\DLoader_files\colorschememapping.xml --> www.evergreeninteractive.com /DLoader_files colorschememapping.xml
109.12.23 13:35 B c:\WebPage\DLoader_files\filelist.xml --> www.evergreeninteractive.com /DLoader_files filelist.xml
109.12.23 13:35 B c:\WebPage\DLoader_files\image001.emz --> www.evergreeninteractive.com /DLoader_files image001.emz
109.12.23 13:35 B c:\WebPage\DLoader_files\image002.gif --> www.evergreeninteractive.com /DLoader_files image002.gif
109.12.23 13:35 B c:\WebPage\DLoader_files\image003.gif --> www.evergreeninteractive.com /DLoader_files image003.gif
109.12.23 13:35 B c:\WebPage\DLoader_files\themedata.thmx --> www.evergreeninteractive.com /DLoader_files themedata.thmx
109.12.23 13:38 B c:\WebPage\DLoader_files\colorschememapping.xml --> www.evergreeninteractive.com /dloader/DLoader_files colorschememapping.xml
109.12.23 13:38 B c:\WebPage\DLoader_files\filelist.xml --> www.evergreeninteractive.com /dloader/DLoader_files filelist.xml
109.12.23 13:38 B c:\WebPage\DLoader_files\image001.emz --> www.evergreeninteractive.com /dloader/DLoader_files image001.emz
109.12.23 13:38 B c:\WebPage\DLoader_files\image002.gif --> www.evergreeninteractive.com /dloader/DLoader_files image002.gif
109.12.23 13:38 B c:\WebPage\DLoader_files\image003.gif --> www.evergreeninteractive.com /dloader/DLoader_files image003.gif
109.12.23 13:38 B c:\WebPage\DLoader_files\themedata.thmx --> www.evergreeninteractive.com /dloader/DLoader_files themedata.thmx
109.12.23 13:38 B c:\WebPage\DLoader_files\WS_FTP.LOG --> www.evergreeninteractive.com /dloader/DLoader_files WS_FTP.LOG
109.12.23 13:42 B c:\WebPage\DLoader_files\colorschememapping.xml --> www.evergreeninteractive.com /dloader/DLoader_files colorschememapping.xml
109.12.23 13:42 B c:\WebPage\DLoader_files\filelist.xml --> www.evergreeninteractive.com /dloader/DLoader_files filelist.xml
109.12.23 13:42 B c:\WebPage\DLoader_files\image001.emz --> www.evergreeninteractive.com /dloader/DLoader_files image001.emz
109.12.23 13:42 B c:\WebPage\DLoader_files\image003.gif --> www.evergreeninteractive.com /dloader/DLoader_files image003.gif
109.12.23 13:42 B c:\WebPage\DLoader_files\image004.gif --> www.evergreeninteractive.com /dloader/DLoader_files image004.gif
109.12.23 13:42 B c:\WebPage\DLoader_files\themedata.thmx --> www.evergreeninteractive.com /dloader/DLoader_files themedata.thmx
109.12.23 13:42 B c:\WebPage\DLoader_files\WS_FTP.LOG --> www.evergreeninteractive.com /dloader/DLoader_files WS_FTP.LOG
109.12.23 13:44 B c:\WebPage\DLoader_files\colorschememapping.xml --> www.evergreeninteractive.com /dloader/DLoader_files colorschememapping.xml
109.12.23 13:44 B c:\WebPage\DLoader_files\filelist.xml --> www.evergreeninteractive.com /dloader/DLoader_files filelist.xml
109.12.23 13:44 B c:\WebPage\DLoader_files\image001.emz --> www.evergreeninteractive.com /dloader/DLoader_files image001.emz
109.12.23 13:44 B c:\WebPage\DLoader_files\image002.gif --> www.evergreeninteractive.com /dloader/DLoader_files image002.gif
109.12.23 13:44 B c:\WebPage\DLoader_files\image003.gif --> www.evergreeninteractive.com /dloader/DLoader_files image003.gif
109.12.23 13:44 B c:\WebPage\DLoader_files\themedata.thmx --> www.evergreeninteractive.com /dloader/DLoader_files themedata.thmx
